{
  "Cucumber Features": {
    "coverage": {
      "C:/Users/Augusto/Desktop/IngeSoftRspec/IngeSoft-Proyecto AugustoValdez-PabloSalinas/SimuladorCarroCucumber/app.rb": [
        1,
        1,
        1,
        1,
        null,
        1,
        2,
        null,
        null,
        1,
        1,
        1,
        null,
        null,
        1,
        5,
        null,
        null,
        1,
        5,
        5,
        5,
        5,
        5,
        5,
        null,
        5,
        5,
        null,
        5,
        null,
        5,
        0,
        0,
        0,
        null,
        5,
        null,
        5,
        5,
        5,
        5,
        5,
        null,
        0,
        null,
        null,
        5,
        null,
        5,
        null,
        5,
        5,
        null,
        10,
        0,
        null,
        0,
        null,
        0,
        null,
        0,
        null,
        0,
        null,
        0,
        0,
        0,
        0,
        null,
        null,
        0,
        null,
        null,
        0,
        null,
        0,
        null,
        0,
        null,
        0,
        0,
        0,
        0,
        null,
        null,
        0,
        null,
        null,
        0,
        null,
        0,
        null,
        0,
        null,
        0,
        0,
        0,
        0,
        null,
        null,
        null,
        0,
        null,
        null,
        0,
        null,
        0,
        null,
        0,
        null,
        0,
        0,
        0,
        0,
        null,
        null,
        0,
        null,
        null,
        0,
        null,
        0,
        null,
        null,
        5,
        null,
        5,
        null,
        null,
        1,
        0,
        null
      ],
      "C:/Users/Augusto/Desktop/IngeSoftRspec/IngeSoft-Proyecto AugustoValdez-PabloSalinas/SimuladorCarroCucumber/features/step_definitions/bienvenida_steps.rb": [
        1,
        2,
        null,
        null,
        1,
        1,
        null
      ],
      "C:/Users/Augusto/Desktop/IngeSoftRspec/IngeSoft-Proyecto AugustoValdez-PabloSalinas/SimuladorCarroCucumber/features/step_definitions/datoSimulacion_steps.rb": [
        1,
        5,
        null,
        null,
        1,
        5,
        null,
        null,
        1,
        5,
        null,
        null,
        1,
        1,
        null,
        null,
        1,
        0,
        null,
        null,
        1,
        4,
        null
      ],
      "C:/Users/Augusto/Desktop/IngeSoftRspec/IngeSoft-Proyecto AugustoValdez-PabloSalinas/SimuladorCarroCucumber/features/step_definitions/finSimulacion_steps.rb": [
        1,
        0,
        null,
        null,
        1,
        0,
        null
      ],
      "C:/Users/Augusto/Desktop/IngeSoftRspec/IngeSoft-Proyecto AugustoValdez-PabloSalinas/SimuladorCarroCucumber/features/step_definitions/saludoDeBienvenida_steps.rb": [
        1,
        1,
        null,
        null,
        1,
        1,
        null,
        null,
        1,
        1,
        null
      ],
      "C:/Users/Augusto/Desktop/IngeSoftRspec/IngeSoft-Proyecto AugustoValdez-PabloSalinas/SimuladorCarroCucumber/features/step_definitions/template_steps.rb": [
        1,
        0,
        null,
        null,
        1,
        0,
        null,
        null,
        1,
        0,
        null,
        null,
        1,
        0,
        null,
        null,
        1,
        0,
        null,
        null,
        1,
        0,
        null,
        null,
        1,
        0,
        null,
        null,
        null,
        null,
        1,
        null,
        0,
        null,
        0,
        0,
        null,
        null
      ]
    },
    "timestamp": 1576179062
  },
  "RSpec": {
    "coverage": {
      "C:/Users/Augusto/Desktop/IngeSoftRspec/Version 3/ATDD/spec/car_simulator_spec.rb": [
        1,
        1,
        null,
        1,
        1,
        1,
        1,
        1,
        1,
        null,
        1,
        1,
        1,
        1,
        1,
        null,
        1,
        1,
        1,
        null,
        1,
        1,
        1,
        1,
        1,
        null,
        null,
        1,
        1,
        1,
        1,
        1,
        null,
        null,
        1,
        1,
        1,
        1,
        1,
        null,
        1,
        1,
        1,
        1,
        1,
        null,
        1,
        1,
        1,
        1,
        1,
        null,
        1,
        1,
        1,
        1,
        1,
        null,
        1,
        1,
        1,
        1,
        1,
        null,
        1,
        1,
        1,
        1,
        1,
        null,
        1,
        1,
        1,
        1,
        1,
        null,
        null,
        1,
        1,
        1,
        1,
        1,
        null,
        1,
        1,
        1,
        1,
        1,
        null,
        1,
        1,
        1,
        1,
        1,
        1,
        1,
        1,
        1,
        null,
        1,
        1,
        1,
        1,
        1,
        1,
        1,
        1,
        null,
        1,
        1,
        1,
        1,
        1,
        1,
        1,
        1,
        null,
        1,
        1,
        1,
        1,
        1,
        1,
        1,
        1,
        null,
        1,
        1,
        1,
        1,
        1,
        1,
        1,
        1,
        null,
        1,
        1,
        1,
        1,
        1,
        1,
        1,
        1,
        null,
        1,
        1,
        1,
        1,
        1,
        1,
        1,
        1,
        null,
        1,
        1,
        1,
        1,
        1,
        1,
        1,
        1,
        null,
        1,
        1,
        1,
        1,
        1,
        1,
        1,
        1,
        null,
        null,
        null,
        null
      ],
      "C:/Users/Augusto/Desktop/IngeSoftRspec/Version 3/ATDD/lib/CarSimulator.rb": [
        1,
        1,
        1,
        null,
        null,
        1,
        null,
        1,
        1,
        null,
        1,
        1,
        1,
        null,
        1,
        1,
        null,
        null,
        1,
        11,
        null,
        null,
        1,
        2,
        1,
        null,
        1,
        null,
        null,
        null,
        null,
        1,
        11,
        null,
        null,
        1,
        2,
        1,
        null,
        1,
        null,
        null,
        null,
        null,
        null,
        1,
        10,
        10,
        10,
        null,
        null,
        1,
        11,
        10,
        10,
        10,
        10,
        10,
        null,
        1,
        null,
        null,
        null,
        null,
        1,
        10,
        9,
        null,
        1,
        null,
        null,
        1,
        2,
        null,
        null,
        1,
        6,
        6,
        6,
        null,
        null,
        null,
        1,
        1,
        null,
        1,
        null,
        null,
        null,
        1,
        8,
        8,
        8,
        8,
        8,
        8,
        25,
        null,
        10,
        null,
        2,
        null,
        4,
        null,
        3,
        3,
        3,
        3,
        null,
        null,
        1,
        null,
        null,
        7,
        null,
        4,
        null,
        1,
        null,
        1,
        1,
        1,
        1,
        null,
        null,
        1,
        null,
        null,
        2,
        null,
        1,
        null,
        1,
        null,
        0,
        0,
        0,
        0,
        null,
        null,
        0,
        null,
        null,
        5,
        null,
        1,
        null,
        2,
        null,
        1,
        1,
        1,
        1,
        null,
        null,
        1,
        null,
        null,
        1,
        null,
        25,
        null,
        8,
        null,
        null,
        null,
        1,
        6,
        6,
        null,
        null,
        null
      ]
    },
    "timestamp": 1576129686
  }
}
